(c) Copyright IBM Corporation 1993,2007
Command Line Processor for DB2 Client 11.5.4.0

You can issue database manager commands and SQL statements from the command 
prompt. For example:
    db2 => connect to sample
    db2 => bind sample.bnd

For general help, type: ?.
For command help, type: ? command, where command can be
the first few keywords of a database manager command. For example:
 ? CATALOG DATABASE for help on the CATALOG DATABASE command
 ? CATALOG          for help on all of the CATALOG commands.

To exit db2 interactive mode, type QUIT at the command prompt. Outside 
interactive mode, all commands must be prefixed with 'db2'.
To list the current command option settings, type LIST COMMAND OPTIONS.

For more detailed help, refer to the Online Reference Manual.

db2 => db2 => db2 => db2 => db2 => CONNECT TO cs421

   Database Connection Information

 Database server        = DB2/LINUXX8664 11.5.4.0
 SQL authorization ID   = FWEI2
 Local database alias   = CS421


db2 => db2 => db2 => db2 => db2 => db2 => db2 => db2 (cont.) => db2 (cont.) => db2 (cont.) => db2 (cont.) => db2 (cont.) => db2 (cont.) => db2 (cont.) => db2 (cont.) => db2 (cont.) => db2 (cont.) => db2 (cont.) => db2 (cont.) => CREATE TABLE MOTHER ( MomRAMQ BIGINT NOT NULL --SIMPLIFY RAMQ AND ASSUME THEY ARE BIGINTS
 ,Name VARCHAR(30) ,Address VARCHAR(50) ,Phone BIGINT ,dob DATE ,Email VARCHAR(50) ,Profession VARCHAR(50) ,Bloodtype VARCHAR(3) ,DueDate DATE ,PRIMARY KEY(MomRAMQ) )
DB20000I  The SQL command completed successfully.

db2 => db2 => db2 => db2 (cont.) => db2 (cont.) => db2 (cont.) => db2 (cont.) => db2 (cont.) => db2 (cont.) => db2 (cont.) => db2 (cont.) => db2 (cont.) => db2 (cont.) => db2 (cont.) => CREATE TABLE FATHER ( DadRAMQ BIGINT NOT NULL ,Name VARCHAR(50) ,Address VARCHAR(50) ,Phone BIGINT ,dob DATE ,Email VARCHAR(50) ,Profession VARCHAR(50) ,Bloodtype VARCHAR(3) ,PRIMARY KEY(DadRAMQ) )
DB20000I  The SQL command completed successfully.

db2 => db2 => db2 (cont.) => db2 (cont.) => db2 (cont.) => db2 (cont.) => db2 (cont.) => db2 (cont.) => db2 (cont.) => db2 (cont.) => db2 (cont.) => CREATE TABLE COUPLE ( LoginID      BIGINT NOT NULL, PregnancyExp DATE, MomRAMQ BIGINT, DadRAMQ BIGINT, FOREIGN KEY (MomRAMQ) REFERENCES MOTHER, FOREIGN KEY (DadRAMQ) REFERENCES FATHER, PRIMARY KEY(LoginID) )
DB20000I  The SQL command completed successfully.

db2 => db2 => db2 (cont.) => db2 (cont.) => db2 (cont.) => db2 (cont.) => db2 (cont.) => db2 (cont.) => db2 (cont.) => db2 (cont.) => CREATE TABLE INSTITUTIONS ( Email VARCHAR(50) NOT NULL, Name VARCHAR(50), ADDRESS VARCHAR(50), Phone BIGINT, Website VARCHAR(50), PRIMARY KEY (Email) )
DB20000I  The SQL command completed successfully.

db2 => db2 => db2 (cont.) => db2 (cont.) => db2 (cont.) => db2 (cont.) => db2 (cont.) => CREATE TABLE LOCATION_OF_BIRTH ( Email VARCHAR(50) NOT NULL, FOREIGN KEY (Email) REFERENCES INSTITUTIONS, PRIMARY KEY (Email) )
DB20000I  The SQL command completed successfully.

db2 => db2 => db2 (cont.) => db2 (cont.) => db2 (cont.) => db2 (cont.) => db2 (cont.) => CREATE TABLE HOME ( Email VARCHAR(50) NOT NULL, FOREIGN KEY (Email) REFERENCES INSTITUTIONS, PRIMARY KEY (Email) )
DB20000I  The SQL command completed successfully.

db2 => db2 => db2 (cont.) => db2 (cont.) => db2 (cont.) => db2 (cont.) => db2 (cont.) => CREATE TABLE BIRTHING_CENTER ( Email VARCHAR(50) NOT NULL, FOREIGN KEY (Email) REFERENCES INSTITUTIONS, PRIMARY KEY (Email) )
DB20000I  The SQL command completed successfully.

db2 => db2 => db2 (cont.) => db2 (cont.) => db2 (cont.) => db2 (cont.) => db2 (cont.) => CREATE TABLE COMMUNITY_CLINIC ( Email VARCHAR(50) NOT NULL, FOREIGN KEY (Email) REFERENCES INSTITUTIONS, PRIMARY KEY (Email) )
DB20000I  The SQL command completed successfully.

db2 => db2 => db2 (cont.) => db2 (cont.) => db2 (cont.) => db2 (cont.) => db2 (cont.) => CREATE TABLE FACILITY ( Email VARCHAR(50) NOT NULL, FOREIGN KEY (Email) REFERENCES INSTITUTIONS, PRIMARY KEY (Email) )
DB20000I  The SQL command completed successfully.

db2 => db2 => db2 (cont.) => db2 (cont.) => db2 (cont.) => db2 (cont.) => db2 (cont.) => db2 (cont.) => db2 (cont.) => db2 (cont.) => db2 (cont.) => CREATE TABLE MIDWIFE ( PractID BIGINT NOT NULL, Name VARCHAR(50), mEmail VARCHAR(50), PhoneNum BIGINT, Email VARCHAR(50), FOREIGN KEY (Email) REFERENCES INSTITUTIONS, PRIMARY KEY (PractID) )
DB20000I  The SQL command completed successfully.

db2 => db2 => db2 (cont.) => db2 (cont.) => db2 (cont.) => db2 (cont.) => db2 (cont.) => db2 (cont.) => CREATE TABLE TECHNICIAN ( TechID BIGINT NOT NULL, PhoneNum BIGINT, TechName VARCHAR(50), PRIMARY KEY (TechID) )
DB20000I  The SQL command completed successfully.

db2 => db2 => db2 (cont.) => db2 (cont.) => db2 (cont.) => db2 (cont.) => db2 (cont.) => db2 (cont.) => db2 (cont.) => db2 (cont.) => db2 (cont.) => db2 (cont.) => db2 (cont.) => db2 (cont.) => db2 (cont.) => db2 (cont.) => db2 (cont.) => db2 (cont.) => db2 (cont.) => db2 (cont.) => db2 (cont.) => db2 (cont.) => CREATE TABLE PREGNANCY_RESULT ( ResultID BIGINT NOT NULL , BloodType VARCHAR(3), NumberPregancy BIGINT, ExpectDueDate DATE, DatingUltraDueDate DATE, MenstrualDueDate DATE, BabyGender VARCHAR(50), NumOfBabies BIGINT, IronLevel VARCHAR(10), loginID BIGINT, practID BIGINT, bPractID BIGINT, Email VARCHAR(50), PRIMARY KEY (ResultID), FOREIGN KEY (loginID) REFERENCES COUPLE, FOREIGN KEY (practID) REFERENCES MIDWIFE, FOREIGN KEY (bPractID) REFERENCES MIDWIFE, FOREIGN KEY (Email) REFERENCES INSTITUTIONS )
DB20000I  The SQL command completed successfully.

db2 => db2 => db2 (cont.) => db2 (cont.) => db2 (cont.) => db2 (cont.) => db2 (cont.) => db2 (cont.) => db2 (cont.) => db2 (cont.) => db2 (cont.) => CREATE TABLE BABY ( MomRAMQ BIGINT NOT NULL, TIMEOB TIME NOT NULL, DATEOB DATE NOT NULL, Gender VARCHAR(50), Name VARCHAR(50), Bloodtype VARCHAR(50), FOREIGN KEY  (MomRAMQ) REFERENCES MOTHER, PRIMARY KEY (MomRAMQ, TIMEOB, DATEOB) )
DB20000I  The SQL command completed successfully.

db2 => db2 => db2 (cont.) => db2 (cont.) => db2 (cont.) => db2 (cont.) => db2 (cont.) => db2 (cont.) => db2 (cont.) => db2 (cont.) => db2 (cont.) => db2 (cont.) => db2 (cont.) => db2 (cont.) => db2 (cont.) => db2 (cont.) => db2 (cont.) => CREATE TABLE TESTS ( SampleID BIGINT NOT NULL, Type VARCHAR(50), DatePresc DATE, DateTaken DATE, DateDone DATE , PractID BIGINT, ResultID BIGINT, TechID BIGINT, PRIMARY KEY (SampleID), FOREIGN KEY (PractID) REFERENCES MIDWIFE, FOREIGN KEY (ResultID) REFERENCES PREGNANCY_RESULT, FOREIGN KEY (TechID) REFERENCES TECHNICIAN, CHECK ( DateDone >= DatePresc ) )
DB20000I  The SQL command completed successfully.

db2 => db2 => db2 (cont.) => db2 (cont.) => db2 (cont.) => db2 (cont.) => db2 (cont.) => db2 (cont.) => db2 (cont.) => db2 (cont.) => db2 (cont.) => CREATE TABLE ONLINE_INFO_SESSION ( SessionID BIGINT NOT NULL, Language VARCHAR(50), Date DATE, Time TIME, PractID BIGINT, PRIMARY KEY (SessionID), FOREIGN KEY (PractID) REFERENCES MIDWIFE )
DB20000I  The SQL command completed successfully.

db2 => db2 => db2 (cont.) => db2 (cont.) => db2 (cont.) => db2 (cont.) => db2 (cont.) => db2 (cont.) => db2 (cont.) => db2 (cont.) => db2 (cont.) => db2 (cont.) => CREATE TABLE APPOINTMENTS ( ApptID BIGINT NOT NULL, aDate DATE, aTime TIME, PractID BIGINT, MomRAMQ BIGINT, PRIMARY KEY (ApptID), FOREIGN KEY (PractID) REFERENCES MIDWIFE, FOREIGN KEY (MomRAMQ) REFERENCES MOTHER )
DB20000I  The SQL command completed successfully.

db2 => db2 => db2 (cont.) => db2 (cont.) => db2 (cont.) => db2 (cont.) => db2 (cont.) => db2 (cont.) => db2 (cont.) => db2 (cont.) => CREATE TABLE NOTES ( NoteID BIGINT NOT NULL, DateCreated DATE, TimeCreated TIME, ApptID BIGINT, PRIMARY KEY (NoteID), FOREIGN KEY (ApptID) REFERENCES APPOINTMENTS )
DB20000I  The SQL command completed successfully.

db2 => db2 => db2 (cont.) => db2 (cont.) => db2 (cont.) => db2 (cont.) => db2 (cont.) => db2 (cont.) => db2 (cont.) => db2 (cont.) => CREATE TABLE INFOSESSION_ATTENDANCE ( SessionID BIGINT NOT NULL, LoginID BIGINT NOT NULL, attended VARCHAR(10), PRIMARY KEY (SessionID, LoginID), FOREIGN KEY (SessionID) REFERENCES ONLINE_INFO_SESSION, FOREIGN KEY (LoginID) REFERENCES COUPLE )
DB20000I  The SQL command completed successfully.

db2 => db2 => db2 => 