(c) Copyright IBM Corporation 1993,2007
Command Line Processor for DB2 Client 11.5.4.0

You can issue database manager commands and SQL statements from the command 
prompt. For example:
    db2 => connect to sample
    db2 => bind sample.bnd

For general help, type: ?.
For command help, type: ? command, where command can be
the first few keywords of a database manager command. For example:
 ? CATALOG DATABASE for help on the CATALOG DATABASE command
 ? CATALOG          for help on all of the CATALOG commands.

To exit db2 interactive mode, type QUIT at the command prompt. Outside 
interactive mode, all commands must be prefixed with 'db2'.
To list the current command option settings, type LIST COMMAND OPTIONS.

For more detailed help, refer to the Online Reference Manual.

db2 => db2 => db2 => db2 => db2 => CONNECT TO cs421

   Database Connection Information

 Database server        = DB2/LINUXX8664 11.5.4.0
 SQL authorization ID   = FWEI2
 Local database alias   = CS421


db2 => db2 => db2 => db2 => db2 => db2 => db2 => DROP TABLE MOTHER
DB20000I  The SQL command completed successfully.

db2 => DROP TABLE FATHER
DB20000I  The SQL command completed successfully.

db2 => DROP TABLE COUPLE
DB20000I  The SQL command completed successfully.

db2 => DROP TABLE INSTITUTIONS
DB20000I  The SQL command completed successfully.

db2 => DROP TABLE LOCATION_OF_BIRTH
DB20000I  The SQL command completed successfully.

db2 => DROP TABLE HOME
DB20000I  The SQL command completed successfully.

db2 => DROP TABLE BIRTHING_CENTER
DB20000I  The SQL command completed successfully.

db2 => DROP TABLE COMMUNITY_CLINIC
DB20000I  The SQL command completed successfully.

db2 => DROP TABLE FACILITY
DB20000I  The SQL command completed successfully.

db2 => DROP TABLE MIDWIFE
DB20000I  The SQL command completed successfully.

db2 => DROP TABLE TECHNICIAN
DB20000I  The SQL command completed successfully.

db2 => DROP TABLE PREGNANCY_RESULT
DB20000I  The SQL command completed successfully.

db2 => DROP TABLE BABY
DB20000I  The SQL command completed successfully.

db2 => DROP TABLE TESTS
DB20000I  The SQL command completed successfully.

db2 => DROP TABLE ONLINE_INFO_SESSION
DB20000I  The SQL command completed successfully.

db2 => DROP TABLE APPOINTMENTS
DB20000I  The SQL command completed successfully.

db2 => DROP TABLE NOTES
DB20000I  The SQL command completed successfully.

db2 => DROP TABLE INFOSESSION_ATTENDANCE
DB20000I  The SQL command completed successfully.

db2 => db2 => 